<?xml version="1.0" encoding="UTF-8"?>
<!-- Generated by org.testng.reporters.JUnitXMLReporter -->
<testsuite hostname="Q10078" name="Test" tests="4" failures="0" timestamp="26 Aug 2016 10:05:01 GMT" time="51.372" errors="0">
  <testcase name="uom" time="12.153" classname="com.stockAccounting.master.exeng"/>
  <testcase name="uom" time="12.168" classname="com.stockAccounting.master.exeng"/>
  <testcase name="uom" time="12.957" classname="com.stockAccounting.master.exeng"/>
  <testcase name="scategory" time="8.088" classname="com.stockAccounting.master.exescategory"/>
</testsuite> <!-- Test -->
