<?xml version="1.0" encoding="UTF-8"?>
<testng-results skipped="0" failed="0" total="1" passed="1">
  <reporter-output>
  </reporter-output>
  <suite name="Default suite" duration-ms="20984" started-at="2016-08-29T08:41:39Z" finished-at="2016-08-29T08:42:00Z">
    <groups>
    </groups>
    <test name="Default test" duration-ms="20984" started-at="2016-08-29T08:41:39Z" finished-at="2016-08-29T08:42:00Z">
      <class name="com.stockAccounting.master.pomexe">
        <test-method status="PASS" signature="xyz()[pri:0, instance:com.stockAccounting.master.pomexe@1efbd816]" name="xyz" duration-ms="20944" started-at="2016-08-29T14:11:39Z" finished-at="2016-08-29T14:12:00Z">
          <reporter-output>
          </reporter-output>
        </test-method> <!-- xyz -->
      </class> <!-- com.stockAccounting.master.pomexe -->
    </test> <!-- Default test -->
  </suite> <!-- Default suite -->
</testng-results>
